==========================================================================
 - pinning rule in use   : PINNING_RULE_MCALC_SKIP_ALL
 - desired group         : 0, sockets = 0
 - num cores available   : 8
 - num accessible procs  : 8
 - num logical procs     : 8
 - affinity (main thread): 11111111 
 - sockets               : 0
 - potential cores       : 0,1,2,3,4,5,6,7
 - affinity              : 11111111
 - active cores          : 0,1,2,3,4,5,6,7
 - allowed socket ids    : 0
 - skip pinning: + allowed number of sockets = available number of sockets
                 + hyperthreading off
==========================================================================

========================================================================
Processing CAD model (for field results)
	[Improved internal geometry representation]
	[Accuracy improvement for long shapes in inhomogeneous mesh regions]
Version 2019.0 (build 20180920)
PBA version 2018092019
2022 Nov 01 (Tue): 03:10:34
========================================================================

===========================================
Finished CAD processing (for field results)
===========================================

========================================================================
Processing CAD model
	[Improved internal geometry representation]
	[Accuracy improvement for long shapes in inhomogeneous mesh regions]
Version 2019.0 (build 20180920)
PBA version 2018092019
2022 Nov 01 (Tue): 03:10:34
========================================================================

----------------------------------------------
Used point accuracy enhancement value: 45.00%.
----------------------------------------------

=============================================================================
Mesh statistics:
-----------------------------------------------------------------------------
Minimum edge length (x): 0.625 @ mesh line 12 (x)
Maximum edge length (x): 6.13 @ mesh line 27 (x)
Minimum face area (x): 0.307 @ mesh lines 42 | 48 (y | z)
Maximum face area (x): 37.6 @ mesh lines 72 | 62 (y | z)
Minimum edge length (y): 0.625 @ mesh line 42 (y)
Maximum edge length (y): 6.13 @ mesh line 72 (y)
Minimum face area (y): 0.307 @ mesh lines 48 | 12 (z | x)
Maximum face area (y): 37.6 @ mesh lines 62 | 27 (z | x)
Minimum edge length (z): 0.492 @ mesh line 48 (z)
Maximum edge length (z): 6.13 @ mesh line 62 (z)
Minimum face area (z): 0.391 @ mesh lines 12 | 42 (x | y)
Maximum face area (z): 37.6 @ mesh lines 27 | 72 (x | y)
Maximum mesh face aspect ratio (x): 12.5 : 1.0  @ mesh lines 72 | 48 (y | z)
Maximum mesh face aspect ratio (y): 12.5 : 1.0  @ mesh lines 48 | 27 (z | x)
Maximum mesh face aspect ratio (z): 9.81 : 1.0  @ mesh lines 27 | 42 (x | y)
=============================================================================

=============================================================================
Available resources to store TST cells: 2147346303 (1563480.24% of mesh size)
=============================================================================

==================================================================================================
== CST Matrix Calculation Priority Log                                                          ==
==================================================================================================
 
Priorities are sorted in ascending order beginning with the lowest priority
 
Priority:   1, shape   4: component1:reflector, material: Copper (annealed), float:   0.00e+00, wire: false, sheet: false, human: false, PEC:  true, SI:  true, face port:   0, feature ID:      -1
Priority:   1, shape   3: component1:dir2, material: Copper (annealed), float:   0.00e+00, wire: false, sheet: false, human: false, PEC:  true, SI:  true, face port:   0, feature ID:      -1
Priority:   1, shape   2: component1:dir1, material: Copper (annealed), float:   0.00e+00, wire: false, sheet: false, human: false, PEC:  true, SI:  true, face port:   0, feature ID:      -1
Priority:   1, shape   1: component1:active, material: Copper (annealed), float:   0.00e+00, wire: false, sheet: false, human: false, PEC:  true, SI:  true, face port:   0, feature ID:      -1
 
==================================================================================================
 
====================================================
PBA version: default
Geo accuracy: 45.000000
PEC background is represented by CAD geometry: false
Watertightness check: true
Self intersection check: false
Inheritance (all): false
Normal dominance (all): false
Normal dominance (ports): false
Flanges hollow: true
One shape per flange: false
====================================================
=======================
Finished CAD processing
=======================

------------------------------------------------------------
Parallelization Info
------------------------------------------------------------
Number of concurrent threads: 2
Number of node domains: 2
Number of mesh fill domains: 8
Memory downscale: 1
CPU load: 25.00%
Emptiness: 0.00%
Hex mesh complexity: 0.13
Geometric complexity: 0.00
------------------------------------------------------------
Node order
1, 0
------------------------------------------------------------

------------------------------------
Mesh: # of points excl. TSTs: 137344
      # of points incl. TSTs: 137344
------------------------------------

1xN000:  <<<<<<<<<<<<<<<<<<<<<<<<
         2022 Nov         <<<<<<<<<<<<<<<<<<<<<<<<

1xN000:  ==========================================================================
          - pinning rule in use   : PINNING_RULE_MCALC_SKIP_ALL
          - desired group         : 0, sockets = 0
          - num cores available   : 8
          - num accessible procs  : 8
          - num logical procs     : 8
          - affinity (main thread): 11111111
          - sockets               : 0
          - potential cores       : 0,1,2,3,4,5,6,7
          - affinity              : 11111111
          - active cores          : 0,1,2,3,4,5,6,7
          - allowed socket ids    : 0
          - skip pinning: + allowed number of sockets = available number of sockets
                          + hyperthreading off
         ==========================================================================

1xN000:  =======================================
         Matrix computation (PBA)
         	[Gaps between metals are preserved]
         	[PBA version: default]
         Version 2019.0 (build 20180920)
         PBA version 2018092019
         2022 Nov 01 (Tue): 03:10:35
         =======================================

1xN000:  ----------------------------------------------
         Used point accuracy enhancement value: 45.00%.
         ----------------------------------------------

1xN000:  Shapes are ordered to support shape wise matrix storage
1xN000:  ==================================================================================================
         == CST Matrix Calculation Priority Log                                                          ==
         ==================================================================================================

         Priorities are sorted in ascending order beginning with the lowest priority

         Priority:   3, shape   1: component1:active, material: Copper (annealed)
         Priority:   3, shape   2: component1:dir1, material: Copper (annealed)
         Priority:   3, shape   3: component1:dir2, material: Copper (annealed)
         Priority:   3, shape   4: component1:reflector, material: Copper (annealed)

         ==================================================================================================

1xN000:  Gap-Detection activated for FARM-topology. Gaps are resolved, even partially.: gap tolerance value is 0.001 and mesh geometry scale is 0.001
1xN000:  cccccccccccccccccccccccccccccccccccccccccccccccccccccccccccccccccccc
         FARM/Meshfill cache is set to 8 (local FI domains: 8, dynamic: true)
         cccccccccccccccccccccccccccccccccccccccccccccccccccccccccccccccccccc

1xN000:  ssssssssssssssssssssssssssssssssssssssssss
         # of curls with SI accuracy enhancement: 0
         ssssssssssssssssssssssssssssssssssssssssss

1xN000:  ------------------------------------------------------------------------------
         PBA fill limit is applied in inverse mode.
         PBA fill limit is applied on faces filled with at least 98.81% metal material.
         --------------------------------------------------------------
         detailed accuracy settings:
         --------------------------------------------------------------
         augmented fill limit:       true
         augmented fill limit value: 98.81
         automatic fill limit:       true
         early fill limit:           true
         inverse fill limit:         true
         model complexity:           0.00
         legacy 2015:                false
         fixed point accuracy:       false
         minimum point accuracy:     0
         mesh step inheritance:      false
         accuracy mode:
         ------------------------------------------------------------------------------

1xN000:  =================================
         Finished matrix computation (PBA)
         =================================

1xN000:  >>>>>>>>>>>>>>>>>>>>>>>>
         2022 Nov         >>>>>>>>>>>>>>>>>>>>>>>>



1xN001:  <<<<<<<<<<<<<<<<<<<<<<<<
         2022 Nov         <<<<<<<<<<<<<<<<<<<<<<<<

1xN001:  ==========================================================================
          - pinning rule in use   : PINNING_RULE_MCALC_SKIP_ALL
          - desired group         : 0, sockets = 0
          - num cores available   : 8
          - num accessible procs  : 8
          - num logical procs     : 8
          - affinity (main thread): 11111111
          - sockets               : 0
          - potential cores       : 0,1,2,3,4,5,6,7
          - affinity              : 11111111
          - active cores          : 0,1,2,3,4,5,6,7
          - allowed socket ids    : 0
          - skip pinning: + allowed number of sockets = available number of sockets
                          + hyperthreading off
         ==========================================================================

1xN001:  =======================================
         Matrix computation (PBA)
         	[Gaps between metals are preserved]
         	[PBA version: default]
         Version 2019.0 (build 20180920)
         PBA version 2018092019
         2022 Nov 01 (Tue): 03:10:35
         =======================================

1xN001:  ----------------------------------------------
         Used point accuracy enhancement value: 45.00%.
         ----------------------------------------------

1xN001:  Shapes are ordered to support shape wise matrix storage
1xN001:  ==================================================================================================
         == CST Matrix Calculation Priority Log                                                          ==
         ==================================================================================================

         Priorities are sorted in ascending order beginning with the lowest priority

         Priority:   3, shape   1: component1:active, material: Copper (annealed)
         Priority:   3, shape   2: component1:dir1, material: Copper (annealed)
         Priority:   3, shape   3: component1:dir2, material: Copper (annealed)
         Priority:   3, shape   4: component1:reflector, material: Copper (annealed)

         ==================================================================================================

1xN001:  Gap-Detection activated for FARM-topology. Gaps are resolved, even partially.: gap tolerance value is 0.001 and mesh geometry scale is 0.001
1xN001:  cccccccccccccccccccccccccccccccccccccccccccccccccccccccccccccccccccc
         FARM/Meshfill cache is set to 8 (local FI domains: 8, dynamic: true)
         cccccccccccccccccccccccccccccccccccccccccccccccccccccccccccccccccccc

1xN001:  ssssssssssssssssssssssssssssssssssssssssss
         # of curls with SI accuracy enhancement: 0
         ssssssssssssssssssssssssssssssssssssssssss

1xN001:  ------------------------------------------------------------------------------
         PBA fill limit is applied in inverse mode.
         PBA fill limit is applied on faces filled with at least 98.81% metal material.
         --------------------------------------------------------------
         detailed accuracy settings:
         --------------------------------------------------------------
         augmented fill limit:       true
         augmented fill limit value: 98.81
         automatic fill limit:       true
         early fill limit:           true
         inverse fill limit:         true
         model complexity:           0.00
         legacy 2015:                false
         fixed point accuracy:       false
         minimum point accuracy:     0
         mesh step inheritance:      false
         accuracy mode:
         ------------------------------------------------------------------------------

1xN001:  discrete edge port "1" is connected to metal material.
1xN001:  ----------------------------------------------------------------
         The following discrete edge port is connected to metal material:
         	1
         ----------------------------------------------------------------

1xN001:  =================================
         Finished matrix computation (PBA)
         =================================

1xN001:  >>>>>>>>>>>>>>>>>>>>>>>>
         2022 Nov         >>>>>>>>>>>>>>>>>>>>>>>>



--------------------------------
# of staircase filled cells: 0
# of staircase filled areas: 0
# of staircase filled edges: 0
# of faces above fill limit: 0
# of edges with FPBA topology: 0
--------------------------------

